


ARM Macro Assembler    Page 1 


    1 00000000                 PRESERVE8
    2 00000000                 AREA             |.text|, CODE, READONLY
    3 00000000                 EXPORT           add_asm
    4 00000000                 EXPORT           sub_asm
    5 00000000                 EXPORT           mul_asm
    6 00000000                 EXPORT           div_asm
    7 00000000                 EXPORT           mod_asm
    8 00000000                 EXPORT           pow_asm
    9 00000000                 EXPORT           fact_asm
   10 00000000                 EXPORT           sqrt_asm
   11 00000000                 EXPORT           sin_asm
   12 00000000                 EXPORT           cos_asm
   13 00000000                 EXPORT           log_asm
   14 00000000                 EXPORT           exp_asm
   15 00000000                 EXTERN           sinf
   16 00000000                 EXTERN           cosf
   17 00000000                 EXTERN           logf
   18 00000000                 EXTERN           expf
   19 00000000         
   20 00000000         ; int add_asm(int a, int b)
   21 00000000         add_asm
   22 00000000 4408            ADD              R0, R0, R1
   23 00000002 4770            BX               LR
   24 00000004         
   25 00000004         ; int sub_asm(int a, int b)
   26 00000004         sub_asm
   27 00000004 EBA0 0001       SUB              R0, R0, R1
   28 00000008 4770            BX               LR
   29 0000000A         
   30 0000000A         ; int mul_asm(int a, int b)
   31 0000000A         mul_asm
   32 0000000A FB00 F001       MUL              R0, R0, R1
   33 0000000E 4770            BX               LR
   34 00000010         
   35 00000010         ; int div_asm(int a, int b)
   36 00000010         div_asm
   37 00000010 2900            CMP              R1, #0
   38 00000012 D002            BEQ              div_zero
   39 00000014 FB90 F0F1       SDIV             R0, R0, R1
   40 00000018 4770            BX               LR
   41 0000001A         div_zero
   42 0000001A F04F 0000       MOV              R0, #0
   43 0000001E 4770            BX               LR
   44 00000020         
   45 00000020         ; int mod_asm(int a, int b)
   46 00000020         mod_asm
   47 00000020 2900            CMP              R1, #0
   48 00000022 D004            BEQ              mod_zero
   49 00000024 FB90 F2F1       SDIV             R2, R0, R1
   50 00000028 FB02 0011       MLS              R0, R2, R1, R0
   51 0000002C 4770            BX               LR
   52 0000002E         mod_zero
   53 0000002E F04F 0000       MOV              R0, #0
   54 00000032 4770            BX               LR
   55 00000034         
   56 00000034         ; int pow_asm(int base, int exp)
   57 00000034         pow_asm
   58 00000034 B510            PUSH             {R4, LR}
   59 00000036 4602            MOV              R2, R0



ARM Macro Assembler    Page 2 


   60 00000038 460B            MOV              R3, R1
   61 0000003A F04F 0001       MOV              R0, #1
   62 0000003E 2B00            CMP              R3, #0
   63 00000040 D003            BEQ              pow_done
   64 00000042         pow_loop
   65 00000042 FB00 F002       MUL              R0, R0, R2
   66 00000046 1E5B            SUBS             R3, R3, #1
   67 00000048 D1FB            BNE              pow_loop
   68 0000004A         pow_done
   69 0000004A E8BD 4010       POP              {R4, LR}
   70 0000004E 4770            BX               LR
   71 00000050         
   72 00000050         ; int fact_asm(int n)
   73 00000050         fact_asm
   74 00000050 B506            PUSH             {R1, R2, LR}
   75 00000052 4601            MOV              R1, R0
   76 00000054 F04F 0001       MOV              R0, #1
   77 00000058 2900            CMP              R1, #0
   78 0000005A D003            BEQ              fact_done
   79 0000005C         fact_loop
   80 0000005C FB00 F001       MUL              R0, R0, R1
   81 00000060 1E49            SUBS             R1, R1, #1
   82 00000062 D1FB            BNE              fact_loop
   83 00000064         fact_done
   84 00000064 E8BD 4006       POP              {R1, R2, LR}
   85 00000068 4770            BX               LR
   86 0000006A         
   87 0000006A         ; int sqrt_asm(int n)
   88 0000006A         sqrt_asm
   89 0000006A B506            PUSH             {R1, R2, LR}
   90 0000006C 4601            MOV              R1, R0
   91 0000006E 2900            CMP              R1, #0
   92 00000070 D00C            BEQ              sqrt_done
   93 00000072 460A            MOV              R2, R1
   94 00000074 F04F 0000       MOV              R0, #0
   95 00000078 F100 0001       ADD              R0, R0, #1
   96 0000007C         sqrt_iter
   97 0000007C 460B            MOV              R3, R1
   98 0000007E FB91 F3F0       SDIV             R3, R1, R0
   99 00000082 4418            ADD              R0, R0, R3
  100 00000084 EA4F 0060       ASR              R0, R0, #1
  101 00000088 1E52            SUBS             R2, R2, #1
  102 0000008A DCF7            BGT              sqrt_iter
  103 0000008C         sqrt_done
  104 0000008C E8BD 4006       POP              {R1, R2, LR}
  105 00000090 4770            BX               LR
  106 00000092         
  107 00000092         ; float sin_asm(float x)
  108 00000092         sin_asm
  109 00000092 B510            PUSH             {R4, LR}
  110 00000094 F7FF FFFE       BL               sinf
  111 00000098 E8BD 4010       POP              {R4, LR}
  112 0000009C 4770            BX               LR
  113 0000009E         
  114 0000009E         ; float cos_asm(float x)
  115 0000009E         cos_asm
  116 0000009E B510            PUSH             {R4, LR}
  117 000000A0 F7FF FFFE       BL               cosf
  118 000000A4 E8BD 4010       POP              {R4, LR}



ARM Macro Assembler    Page 3 


  119 000000A8 4770            BX               LR
  120 000000AA         
  121 000000AA         ; float log_asm(float x)
  122 000000AA         log_asm
  123 000000AA B510            PUSH             {R4, LR}
  124 000000AC F7FF FFFE       BL               logf
  125 000000B0 E8BD 4010       POP              {R4, LR}
  126 000000B4 4770            BX               LR
  127 000000B6         
  128 000000B6         ; float exp_asm(float x)
  129 000000B6         exp_asm
  130 000000B6 B510            PUSH             {R4, LR}
  131 000000B8 F7FF FFFE       BL               expf
  132 000000BC E8BD 4010       POP              {R4, LR}
  133 000000C0 4770            BX               LR
  134 000000C2         
  135 000000C2                 END
Command Line: --debug --xref --diag_suppress=9931 --cpu=Cortex-M4 --apcs=interw
ork --depend=.\objects\calculator.d -o.\objects\calculator.o -IC:\Users\swaya\D
esktop\Scientific_Calculator-V2\RTE -IC:\Keil_v5\ARM\PACK\ARM\CMSIS\4.5.0\Devic
e\ARM\ARMCM4\Include -IC:\Keil_v5\ARM\CMSIS\Include --predefine="__EVAL SETA 1"
 --predefine="__UVISION_VERSION SETA 518" --predefine="ARMCM4 SETA 1" --list=.\
listings\calculator.lst calculator.s



ARM Macro Assembler    Page 1 Alphabetic symbol ordering
Relocatable symbols

.text 00000000

Symbol: .text
   Definitions
      At line 2 in file calculator.s
   Uses
      None
Comment: .text unused
add_asm 00000000

Symbol: add_asm
   Definitions
      At line 21 in file calculator.s
   Uses
      At line 3 in file calculator.s
Comment: add_asm used once
cos_asm 0000009E

Symbol: cos_asm
   Definitions
      At line 115 in file calculator.s
   Uses
      At line 12 in file calculator.s
Comment: cos_asm used once
div_asm 00000010

Symbol: div_asm
   Definitions
      At line 36 in file calculator.s
   Uses
      At line 6 in file calculator.s
Comment: div_asm used once
div_zero 0000001A

Symbol: div_zero
   Definitions
      At line 41 in file calculator.s
   Uses
      At line 38 in file calculator.s
Comment: div_zero used once
exp_asm 000000B6

Symbol: exp_asm
   Definitions
      At line 129 in file calculator.s
   Uses
      At line 14 in file calculator.s
Comment: exp_asm used once
fact_asm 00000050

Symbol: fact_asm
   Definitions
      At line 73 in file calculator.s
   Uses
      At line 9 in file calculator.s
Comment: fact_asm used once
fact_done 00000064

Symbol: fact_done



ARM Macro Assembler    Page 2 Alphabetic symbol ordering
Relocatable symbols

   Definitions
      At line 83 in file calculator.s
   Uses
      At line 78 in file calculator.s
Comment: fact_done used once
fact_loop 0000005C

Symbol: fact_loop
   Definitions
      At line 79 in file calculator.s
   Uses
      At line 82 in file calculator.s
Comment: fact_loop used once
log_asm 000000AA

Symbol: log_asm
   Definitions
      At line 122 in file calculator.s
   Uses
      At line 13 in file calculator.s
Comment: log_asm used once
mod_asm 00000020

Symbol: mod_asm
   Definitions
      At line 46 in file calculator.s
   Uses
      At line 7 in file calculator.s
Comment: mod_asm used once
mod_zero 0000002E

Symbol: mod_zero
   Definitions
      At line 52 in file calculator.s
   Uses
      At line 48 in file calculator.s
Comment: mod_zero used once
mul_asm 0000000A

Symbol: mul_asm
   Definitions
      At line 31 in file calculator.s
   Uses
      At line 5 in file calculator.s
Comment: mul_asm used once
pow_asm 00000034

Symbol: pow_asm
   Definitions
      At line 57 in file calculator.s
   Uses
      At line 8 in file calculator.s
Comment: pow_asm used once
pow_done 0000004A

Symbol: pow_done
   Definitions
      At line 68 in file calculator.s
   Uses



ARM Macro Assembler    Page 3 Alphabetic symbol ordering
Relocatable symbols

      At line 63 in file calculator.s
Comment: pow_done used once
pow_loop 00000042

Symbol: pow_loop
   Definitions
      At line 64 in file calculator.s
   Uses
      At line 67 in file calculator.s
Comment: pow_loop used once
sin_asm 00000092

Symbol: sin_asm
   Definitions
      At line 108 in file calculator.s
   Uses
      At line 11 in file calculator.s
Comment: sin_asm used once
sqrt_asm 0000006A

Symbol: sqrt_asm
   Definitions
      At line 88 in file calculator.s
   Uses
      At line 10 in file calculator.s
Comment: sqrt_asm used once
sqrt_done 0000008C

Symbol: sqrt_done
   Definitions
      At line 103 in file calculator.s
   Uses
      At line 92 in file calculator.s
Comment: sqrt_done used once
sqrt_iter 0000007C

Symbol: sqrt_iter
   Definitions
      At line 96 in file calculator.s
   Uses
      At line 102 in file calculator.s
Comment: sqrt_iter used once
sub_asm 00000004

Symbol: sub_asm
   Definitions
      At line 26 in file calculator.s
   Uses
      At line 4 in file calculator.s
Comment: sub_asm used once
21 symbols



ARM Macro Assembler    Page 1 Alphabetic symbol ordering
External symbols

cosf 00000000

Symbol: cosf
   Definitions
      At line 16 in file calculator.s
   Uses
      At line 117 in file calculator.s
Comment: cosf used once
expf 00000000

Symbol: expf
   Definitions
      At line 18 in file calculator.s
   Uses
      At line 131 in file calculator.s
Comment: expf used once
logf 00000000

Symbol: logf
   Definitions
      At line 17 in file calculator.s
   Uses
      At line 124 in file calculator.s
Comment: logf used once
sinf 00000000

Symbol: sinf
   Definitions
      At line 15 in file calculator.s
   Uses
      At line 110 in file calculator.s
Comment: sinf used once
4 symbols
358 symbols in table
