


ARM Macro Assembler    Page 1 


    1 00000000                 AREA             RESET, CODE, READONLY
    2 00000000                 THUMB
    3 00000000         
    4 00000000                 EXPORT           __Vectors
    5 00000000                 EXPORT           Reset_Handler
    6 00000000                 EXPORT           __initial_sp
    7 00000000         
    8 00000000         ; Stack area (size 0x400 = 1KB)
    9 00000000                 AREA             STACK, NOINIT, READWRITE, ALIGN
=3
   10 00000000         __initial_sp
                               SPACE            0x400
   11 00000400         
   12 00000400         ; Vector table
   13 00000400                 AREA             RESET, CODE, READONLY
   14 00000000 00000000 
                       __Vectors
                               DCD              __initial_sp ; Top of Stack
   15 00000004 00000000        DCD              Reset_Handler ; Reset Handler
   16 00000008         
   17 00000008                 AREA             |.text|, CODE, READONLY
   18 00000000         
   19 00000000         Reset_Handler
                               PROC
   20 00000000                 EXPORT           Reset_Handler             [WEAK
]
   21 00000000                 IMPORT           SystemInit
   22 00000000                 IMPORT           main
   23 00000000         
   24 00000000 F7FF FFFE       BL               SystemInit
   25 00000004 F7FF FFFE       BL               main
   26 00000008 E7FE    endloop B                endloop
   27 0000000A                 ENDP
   28 0000000A         
   29 0000000A 00 00           ALIGN
   30 0000000C         
   31 0000000C                 END
Command Line: --debug --xref --diag_suppress=9931 --cpu=Cortex-M4 --apcs=interw
ork --depend=.\objects\core_cmsimd.d -o.\objects\core_cmsimd.o -IC:\Users\swaya
\Desktop\Scientific_Calculator-V2\RTE -IC:\Keil_v5\ARM\PACK\ARM\CMSIS\4.5.0\Dev
ice\ARM\ARMCM4\Include -IC:\Keil_v5\ARM\CMSIS\Include --predefine="__EVAL SETA 
1" --predefine="__UVISION_VERSION SETA 518" --predefine="ARMCM4 SETA 1" --list=
.\listings\startup_armcm4.lst startup_ARMCM4.s



ARM Macro Assembler    Page 1 Alphabetic symbol ordering
Relocatable symbols

RESET 00000000

Symbol: RESET
   Definitions
      At line 1 in file startup_ARMCM4.s
   Uses
      None
Comment: RESET unused
__Vectors 00000000

Symbol: __Vectors
   Definitions
      At line 14 in file startup_ARMCM4.s
   Uses
      At line 4 in file startup_ARMCM4.s
Comment: __Vectors used once
2 symbols



ARM Macro Assembler    Page 1 Alphabetic symbol ordering
Relocatable symbols

STACK 00000000

Symbol: STACK
   Definitions
      At line 9 in file startup_ARMCM4.s
   Uses
      None
Comment: STACK unused
__initial_sp 00000000

Symbol: __initial_sp
   Definitions
      At line 10 in file startup_ARMCM4.s
   Uses
      At line 6 in file startup_ARMCM4.s
      At line 14 in file startup_ARMCM4.s

2 symbols



ARM Macro Assembler    Page 1 Alphabetic symbol ordering
Relocatable symbols

.text 00000000

Symbol: .text
   Definitions
      At line 17 in file startup_ARMCM4.s
   Uses
      None
Comment: .text unused
Reset_Handler 00000000

Symbol: Reset_Handler
   Definitions
      At line 19 in file startup_ARMCM4.s
   Uses
      At line 5 in file startup_ARMCM4.s
      At line 15 in file startup_ARMCM4.s
      At line 20 in file startup_ARMCM4.s

endloop 00000008

Symbol: endloop
   Definitions
      At line 26 in file startup_ARMCM4.s
   Uses
      At line 26 in file startup_ARMCM4.s
Comment: endloop used once
3 symbols



ARM Macro Assembler    Page 1 Alphabetic symbol ordering
External symbols

SystemInit 00000000

Symbol: SystemInit
   Definitions
      At line 21 in file startup_ARMCM4.s
   Uses
      At line 24 in file startup_ARMCM4.s
Comment: SystemInit used once
main 00000000

Symbol: main
   Definitions
      At line 22 in file startup_ARMCM4.s
   Uses
      At line 25 in file startup_ARMCM4.s
Comment: main used once
2 symbols
342 symbols in table
